<?xml version="1.0" encoding="UTF-8"?>
<!-- Generated by org.testng.reporters.JUnitXMLReporter -->
<testsuite ignored="2" hostname="sanket" failures="0" tests="6" name="Test" time="0.045" errors="0" timestamp="2023-02-12T12:49:55 IST">
  <testcase classname="testNG.testNG" name="testA" time="0.003"/>
  <testcase classname="testNG.testNG" name="testC" time="0.001"/>
  <testcase classname="testNG.Automation" name="test1" time="0.001"/>
  <testcase classname="testNG.Automation" name="test2" time="0.001"/>
  <testcase classname="testNG.Automation" name="test3" time="0.001"/>
  <testcase classname="testNG.Automation" name="test4" time="0.001"/>
  <testcase classname="testNG.testNG" name="testB" time="0.0">
    <ignored/>
  </testcase> <!-- testB -->
  <testcase classname="testNG.testNG" name="testD" time="0.0">
    <ignored/>
  </testcase> <!-- testD -->
</testsuite> <!-- Test -->
